<?xml version="1.0" encoding="UTF-8"?>
<!-- Generated by org.testng.reporters.JUnitXMLReporter -->
<testsuite ignored="0" hostname="DESKTOP-PEI90PN" failures="1" tests="1" name="TestStory: AM_0003 - ANDROID" time="32.794" errors="0" timestamp="2023-04-07T15:19:26 COT">
  <testcase classname="specs.AM_0003" name="am_0004" time="25.375">
    <failure type="org.openqa.selenium.TimeoutException" message="Expected condition failed: waiting for visibility of element located by AppiumBy.androidUIAutomator: new UiScrollable(new UiSelector().scrollable(true).instance(0)).scrollIntoView(new UiSelector().className(&amp;quot;androidx.recyclerview.widget.RecyclerView&amp;quot;).childSelector(new UiSelector().className(&amp;quot;android.widget.LinearLayout&amp;quot;).childSelector(new UiSelector().className(&amp;quot;android.widget.ImageView&amp;quot;).fromParent(new UiSelector().className(&amp;quot;android.widget.LinearLayout&amp;quot;))))) (tried for 20 second(s) with 500 milliseconds interval)
Build info: version: &amp;apos;4.8.3&amp;apos;, revision: &amp;apos;e5e76298c3&amp;apos;
System info: os.name: &amp;apos;Windows 10&amp;apos;, os.arch: &amp;apos;amd64&amp;apos;, os.version: &amp;apos;10.0&amp;apos;, java.version: &amp;apos;11.0.18&amp;apos;
Driver info: io.appium.java_client.android.AndroidDriver
Capabilities {appium:appActivity: com.imdb.mobile.HomeActivity, appium:appPackage: com.imdb.mobile, appium:automationName: UiAutomator2, appium:databaseEnabled: false, appium:desired: {appActivity: com.imdb.mobile.HomeActivity, appPackage: com.imdb.mobile, automationName: UiAutomator2, deviceName: 3200e957c09dc553, platformName: android}, appium:deviceApiLevel: 30, appium:deviceManufacturer: Google, appium:deviceModel: sdk_gphone_x86, appium:deviceName: emulator-5554, appium:deviceScreenDensity: 420, appium:deviceScreenSize: 1080x1920, appium:deviceUDID: emulator-5554, appium:javascriptEnabled: true, appium:locationContextEnabled: false, appium:networkConnectionEnabled: true, appium:pixelRatio: 2.625, appium:platformVersion: 11, appium:statBarHeight: 63, appium:takesScreenshot: true, appium:viewportRect: {height: 1731, left: 0, top: 63, width: 1080}, appium:warnings: {}, appium:webStorageEnabled: false, platformName: ANDROID}
Session ID: c7f2a404-b407-4a1d-8f13-81b47fa26bee">
      <![CDATA[org.openqa.selenium.TimeoutException: Expected condition failed: waiting for visibility of element located by AppiumBy.androidUIAutomator: new UiScrollable(new UiSelector().scrollable(true).instance(0)).scrollIntoView(new UiSelector().className("androidx.recyclerview.widget.RecyclerView").childSelector(new UiSelector().className("android.widget.LinearLayout").childSelector(new UiSelector().className("android.widget.ImageView").fromParent(new UiSelector().className("android.widget.LinearLayout"))))) (tried for 20 second(s) with 500 milliseconds interval)
Build info: version: '4.8.3', revision: 'e5e76298c3'
System info: os.name: 'Windows 10', os.arch: 'amd64', os.version: '10.0', java.version: '11.0.18'
Driver info: io.appium.java_client.android.AndroidDriver
Capabilities {appium:appActivity: com.imdb.mobile.HomeActivity, appium:appPackage: com.imdb.mobile, appium:automationName: UiAutomator2, appium:databaseEnabled: false, appium:desired: {appActivity: com.imdb.mobile.HomeActivity, appPackage: com.imdb.mobile, automationName: UiAutomator2, deviceName: 3200e957c09dc553, platformName: android}, appium:deviceApiLevel: 30, appium:deviceManufacturer: Google, appium:deviceModel: sdk_gphone_x86, appium:deviceName: emulator-5554, appium:deviceScreenDensity: 420, appium:deviceScreenSize: 1080x1920, appium:deviceUDID: emulator-5554, appium:javascriptEnabled: true, appium:locationContextEnabled: false, appium:networkConnectionEnabled: true, appium:pixelRatio: 2.625, appium:platformVersion: 11, appium:statBarHeight: 63, appium:takesScreenshot: true, appium:viewportRect: {height: 1731, left: 0, top: 63, width: 1080}, appium:warnings: {}, appium:webStorageEnabled: false, platformName: ANDROID}
Session ID: c7f2a404-b407-4a1d-8f13-81b47fa26bee
at org.openqa.selenium.support.ui.WebDriverWait.timeoutException(WebDriverWait.java:87)
at org.openqa.selenium.support.ui.FluentWait.until(FluentWait.java:231)
at core.AppiumFactory.getElement(AppiumFactory.java:48)
at core.AppiumFactory.click(AppiumFactory.java:76)
at screens.SearchScreen.searchMovie(SearchScreen.java:26)
at specs.AM_0003.am_0004(AM_0003.java:27)
at java.base/java.util.ArrayList.forEach(ArrayList.java:1541)
... Removed 31 stack frames]]>
    </failure>
  </testcase> <!-- am_0004 -->
</testsuite> <!-- TestStory: AM_0003 - ANDROID -->
