<?xml version="1.0" encoding="UTF-8"?>
<testng-results ignored="0" total="3" passed="3" failed="0" skipped="0">
  <reporter-output>
  </reporter-output>
  <suite started-at="2023-04-08T23:01:31 COT" name="regression" finished-at="2023-04-08T23:04:43 COT" duration-ms="192524">
    <groups>
    </groups>
    <test started-at="2023-04-08T23:01:31 COT" name="TestStory: AM_0001 - ANDROID" finished-at="2023-04-08T23:02:07 COT" duration-ms="36349">
      <class name="specs.AM_0001">
        <test-method is-config="true" signature="SetUp()[pri:0, instance:specs.AM_0001@610df783]" started-at="2023-04-08T23:01:31 COT" name="SetUp" finished-at="2023-04-08T23:01:40 COT" duration-ms="8936" status="PASS">
          <reporter-output>
          </reporter-output>
        </test-method> <!-- SetUp -->
        <test-method signature="am_0002()[pri:0, instance:specs.AM_0001@610df783]" started-at="2023-04-08T23:01:40 COT" name="am_0002" finished-at="2023-04-08T23:02:07 COT" duration-ms="26802" status="PASS">
          <reporter-output>
          </reporter-output>
        </test-method> <!-- am_0002 -->
        <test-method is-config="true" signature="TearDown()[pri:0, instance:specs.AM_0001@610df783]" started-at="2023-04-08T23:02:07 COT" name="TearDown" finished-at="2023-04-08T23:02:07 COT" duration-ms="400" status="PASS">
          <reporter-output>
          </reporter-output>
        </test-method> <!-- TearDown -->
      </class> <!-- specs.AM_0001 -->
    </test> <!-- TestStory: AM_0001 - ANDROID -->
    <test started-at="2023-04-08T23:02:07 COT" name="TestStory: AM_0003 - ANDROID" finished-at="2023-04-08T23:03:21 COT" duration-ms="73478">
      <class name="specs.AM_0003">
        <test-method is-config="true" signature="SetUp()[pri:0, instance:specs.AM_0003@61fafb74]" started-at="2023-04-08T23:02:07 COT" name="SetUp" finished-at="2023-04-08T23:02:14 COT" duration-ms="6745" status="PASS">
          <reporter-output>
          </reporter-output>
        </test-method> <!-- SetUp -->
        <test-method signature="am_0004()[pri:0, instance:specs.AM_0003@61fafb74]" started-at="2023-04-08T23:02:14 COT" name="am_0004" finished-at="2023-04-08T23:03:20 COT" duration-ms="66378" status="PASS">
          <reporter-output>
          </reporter-output>
        </test-method> <!-- am_0004 -->
        <test-method is-config="true" signature="TearDown()[pri:0, instance:specs.AM_0003@61fafb74]" started-at="2023-04-08T23:03:20 COT" name="TearDown" finished-at="2023-04-08T23:03:21 COT" duration-ms="349" status="PASS">
          <reporter-output>
          </reporter-output>
        </test-method> <!-- TearDown -->
      </class> <!-- specs.AM_0003 -->
    </test> <!-- TestStory: AM_0003 - ANDROID -->
    <test started-at="2023-04-08T23:03:21 COT" name="TestStory: AM_0005 - ANDROID" finished-at="2023-04-08T23:04:43 COT" duration-ms="82660">
      <class name="specs.AM_0005">
        <test-method is-config="true" signature="SetUp()[pri:0, instance:specs.AM_0005@23811a09]" started-at="2023-04-08T23:03:21 COT" name="SetUp" finished-at="2023-04-08T23:03:27 COT" duration-ms="6638" status="PASS">
          <reporter-output>
          </reporter-output>
        </test-method> <!-- SetUp -->
        <test-method signature="am_0006()[pri:0, instance:specs.AM_0005@23811a09]" started-at="2023-04-08T23:03:27 COT" name="am_0006" finished-at="2023-04-08T23:04:43 COT" duration-ms="75567" status="PASS">
          <reporter-output>
          </reporter-output>
        </test-method> <!-- am_0006 -->
        <test-method is-config="true" signature="TearDown()[pri:0, instance:specs.AM_0005@23811a09]" started-at="2023-04-08T23:04:43 COT" name="TearDown" finished-at="2023-04-08T23:04:43 COT" duration-ms="451" status="PASS">
          <reporter-output>
          </reporter-output>
        </test-method> <!-- TearDown -->
      </class> <!-- specs.AM_0005 -->
    </test> <!-- TestStory: AM_0005 - ANDROID -->
  </suite> <!-- regression -->
</testng-results>
