<?xml version="1.0" encoding="UTF-8"?>
<testng-results ignored="0" total="3" passed="3" failed="0" skipped="0">
  <reporter-output>
  </reporter-output>
  <suite started-at="2023-04-08T23:33:05 COT" name="regression" finished-at="2023-04-08T23:36:15 COT" duration-ms="189738">
    <groups>
    </groups>
    <test started-at="2023-04-08T23:33:05 COT" name="TestStory: AM_0001 - ANDROID" finished-at="2023-04-08T23:33:43 COT" duration-ms="37905">
      <class name="specs.AM_0001">
        <test-method is-config="true" signature="SetUp()[pri:0, instance:specs.AM_0001@776802b0]" started-at="2023-04-08T23:33:05 COT" name="SetUp" finished-at="2023-04-08T23:33:15 COT" duration-ms="10215" status="PASS">
          <reporter-output>
          </reporter-output>
        </test-method> <!-- SetUp -->
        <test-method signature="am_0002()[pri:0, instance:specs.AM_0001@776802b0]" started-at="2023-04-08T23:33:16 COT" name="am_0002" finished-at="2023-04-08T23:33:43 COT" duration-ms="27028" status="PASS">
          <reporter-output>
          </reporter-output>
        </test-method> <!-- am_0002 -->
        <test-method is-config="true" signature="TearDown()[pri:0, instance:specs.AM_0001@776802b0]" started-at="2023-04-08T23:33:43 COT" name="TearDown" finished-at="2023-04-08T23:33:43 COT" duration-ms="471" status="PASS">
          <reporter-output>
          </reporter-output>
        </test-method> <!-- TearDown -->
      </class> <!-- specs.AM_0001 -->
    </test> <!-- TestStory: AM_0001 - ANDROID -->
    <test started-at="2023-04-08T23:33:43 COT" name="TestStory: AM_0003 - ANDROID" finished-at="2023-04-08T23:34:50 COT" duration-ms="66833">
      <class name="specs.AM_0003">
        <test-method is-config="true" signature="SetUp()[pri:0, instance:specs.AM_0003@238acd0b]" started-at="2023-04-08T23:33:43 COT" name="SetUp" finished-at="2023-04-08T23:33:50 COT" duration-ms="6758" status="PASS">
          <reporter-output>
          </reporter-output>
        </test-method> <!-- SetUp -->
        <test-method signature="am_0004()[pri:0, instance:specs.AM_0003@238acd0b]" started-at="2023-04-08T23:33:50 COT" name="am_0004" finished-at="2023-04-08T23:34:50 COT" duration-ms="59678" status="PASS">
          <reporter-output>
          </reporter-output>
        </test-method> <!-- am_0004 -->
        <test-method is-config="true" signature="TearDown()[pri:0, instance:specs.AM_0003@238acd0b]" started-at="2023-04-08T23:34:50 COT" name="TearDown" finished-at="2023-04-08T23:34:50 COT" duration-ms="389" status="PASS">
          <reporter-output>
          </reporter-output>
        </test-method> <!-- TearDown -->
      </class> <!-- specs.AM_0003 -->
    </test> <!-- TestStory: AM_0003 - ANDROID -->
    <test started-at="2023-04-08T23:34:50 COT" name="TestStory: AM_0005 - ANDROID" finished-at="2023-04-08T23:36:15 COT" duration-ms="84956">
      <class name="specs.AM_0005">
        <test-method is-config="true" signature="SetUp()[pri:0, instance:specs.AM_0005@24361cfc]" started-at="2023-04-08T23:34:50 COT" name="SetUp" finished-at="2023-04-08T23:34:57 COT" duration-ms="6827" status="PASS">
          <reporter-output>
          </reporter-output>
        </test-method> <!-- SetUp -->
        <test-method signature="am_0006()[pri:0, instance:specs.AM_0005@24361cfc]" started-at="2023-04-08T23:34:57 COT" name="am_0006" finished-at="2023-04-08T23:36:14 COT" duration-ms="77659" status="PASS">
          <reporter-output>
          </reporter-output>
        </test-method> <!-- am_0006 -->
        <test-method is-config="true" signature="TearDown()[pri:0, instance:specs.AM_0005@24361cfc]" started-at="2023-04-08T23:36:14 COT" name="TearDown" finished-at="2023-04-08T23:36:15 COT" duration-ms="467" status="PASS">
          <reporter-output>
          </reporter-output>
        </test-method> <!-- TearDown -->
      </class> <!-- specs.AM_0005 -->
    </test> <!-- TestStory: AM_0005 - ANDROID -->
  </suite> <!-- regression -->
</testng-results>
